2024-03-11T13:11:16 - Minor cleanup
2024-03-11T14:20:00 - Improve UI/UX
2024-03-11T10:35:25 - Improve UI/UX
2024-03-13T18:40:18 - Add new feature
2024-03-13T13:25:10 - Add tests
2024-03-13T17:46:17 - Add new feature
2024-03-13T14:52:03 - Add new feature
2024-03-13T17:13:37 - Refactor code structure
2024-03-13T11:04:53 - Improve UI/UX
2024-03-13T11:21:19 - Update documentation
2024-03-22T14:20:53 - Fix bug in logic
2024-03-22T12:18:44 - Refactor code structure
2024-03-22T16:09:52 - Improve performance
2024-03-22T14:34:45 - Fix bug in logic
2024-03-22T12:52:39 - Remove unused code
2024-03-22T11:58:41 - Remove unused code
2024-03-22T16:21:25 - Refactor code structure
2024-03-21T18:05:23 - Initial setup
2024-03-21T11:12:08 - Refactor code structure
2024-03-21T09:08:32 - Minor cleanup
2024-03-21T15:12:43 - Improve UI/UX
2024-03-19T17:48:18 - Improve performance
2024-03-19T11:37:06 - Fix bug in logic
2024-03-19T09:15:57 - Add new feature
2024-03-19T12:11:49 - Add new feature
2024-03-19T17:12:33 - Refactor code structure
2024-03-20T12:36:35 - Update documentation
2024-03-20T17:06:07 - Improve performance
2024-03-20T10:38:21 - Update documentation
2024-03-18T17:24:15 - Minor cleanup
2024-03-18T11:48:31 - Initial setup
2024-03-18T17:10:36 - Initial setup
2024-03-18T11:21:21 - Add tests
2024-03-29T14:40:28 - Improve performance
2024-03-29T10:24:59 - Improve performance
2024-03-29T15:29:19 - Add tests
2024-03-29T16:25:16 - Improve performance
2024-03-27T17:15:22 - Initial setup
2024-03-27T18:55:03 - Refactor code structure
2024-03-27T16:34:06 - Add tests
2024-03-27T11:34:12 - Update documentation
2024-03-27T13:02:15 - Improve UI/UX
2024-03-28T11:48:24 - Improve UI/UX
2024-03-28T11:55:38 - Remove unused code
2024-03-28T15:14:28 - Remove unused code
2024-03-28T16:13:23 - Remove unused code
2024-03-28T11:21:26 - Fix bug in logic
2024-03-28T16:09:18 - Add new feature
2024-03-28T13:23:54 - Add tests
2024-03-26T14:44:16 - Improve UI/UX
2024-03-26T09:23:43 - Add tests
2024-03-26T18:53:57 - Improve UI/UX
2024-03-26T11:58:28 - Improve performance
